new user at 2025-Jul-Mon 10:30:02
name =>ayman
email =>ayman@gmail.com
password =>1234
gender =>male
job =>designer
imageOrName =>ecoLOGO.png
imagetmpName =>C:\xampp\tmp\phpE2C5.tmp


new user at 2025-Jul-Mon 10:30:37
name =>ahmed
email =>ahmed@gmail.com
password =>1234
gender =>male
job =>leader
imageOrName =>Apple.png
imagetmpName =>C:\xampp\tmp\php6BDC.tmp


new user at 2025-Jul-Mon 10:31:03
name =>Lash
email =>Lash@gmail.com
password =>masr
gender =>male
job =>developer
imageOrName =>صورتي.jpg
imagetmpName =>C:\xampp\tmp\phpCE31.tmp


